[+] Containers:
 |- [+] Container: /Game/Maps/Table
 |   |- [+] ActorDescs:
 |   |   |- Guid:03920DF94EEFC9F86CC66185D32A3DA1 BaseClass: NativeClass:/Script/Engine.StaticMeshActor Name:StaticMeshActor_UAID_A4AE111137DC54FB00_1240666663 Label:SM_SkySphere SpatiallyLoaded:0 Bounds:IsValid=true, Min=(X=-1638400.000 Y=-1638400.000 Z=-1638400.000), Max=(X=1638400.000 Y=1638400.000 Z=1638400.000) RuntimeGrid:None EditorOnly:0 RuntimeOnly:0 HLODRelevant:0 FolderPath:Lighting FolderGuid:B7E9BD5B45A652654791988DEF54CCEB
 |   |   |- Guid:1D3D26F04B6DC10BEFB5B69E5CF914C8 BaseClass: NativeClass:/Script/Engine.VolumetricCloud Name:VolumetricCloud_UAID_A85E45CFE40401D200_1470381760 Label:VolumetricCloud SpatiallyLoaded:0 Bounds:IsValid=true, Min=(X=0.000 Y=0.000 Z=0.000), Max=(X=0.000 Y=0.000 Z=0.000) RuntimeGrid:None EditorOnly:0 RuntimeOnly:0 HLODRelevant:0 FolderPath:Lighting FolderGuid:B7E9BD5B45A652654791988DEF54CCEB
 |   |   |- Guid:1DE8D7AC4103A2EABA11649C7FCF8ACA BaseClass: NativeClass:/Script/Engine.SkyLight Name:SkyLight_UAID_A85E45CFE40401D200_1470380759 Label:SkyLight SpatiallyLoaded:0 Bounds:IsValid=true, Min=(X=0.000 Y=0.000 Z=0.000), Max=(X=0.000 Y=0.000 Z=0.000) RuntimeGrid:None EditorOnly:0 RuntimeOnly:0 HLODRelevant:0 FolderPath:Lighting FolderGuid:B7E9BD5B45A652654791988DEF54CCEB
 |   |   |- Guid:2CE12F874AA39D020A0F4BA5739BD305 BaseClass: NativeClass:/Script/Engine.SkyAtmosphere Name:SkyAtmosphere_UAID_A85E45CFE40401D200_1470382762 Label:SkyAtmosphere SpatiallyLoaded:0 Bounds:IsValid=true, Min=(X=0.000 Y=0.000 Z=0.000), Max=(X=0.000 Y=0.000 Z=0.000) RuntimeGrid:None EditorOnly:0 RuntimeOnly:0 HLODRelevant:0 FolderPath:Lighting FolderGuid:B7E9BD5B45A652654791988DEF54CCEB
 |   |   |- Guid:5368FABB47D6D9580DAECA8B0417BF92 BaseClass: NativeClass:/Script/Engine.WorldDataLayers Name:WorldDataLayers Label:WorldDataLayers-1 SpatiallyLoaded:0 Bounds:IsValid=true, Min=(X=0.000 Y=0.000 Z=0.000), Max=(X=0.000 Y=0.000 Z=0.000) RuntimeGrid:None EditorOnly:0 RuntimeOnly:0 HLODRelevant:0
 |   |   |- Guid:5A47E23143F42F42E68723B04F6C12A8 BaseClass:/Game/Blueprints/PlayArea/BP_Board.BP_Board_C NativeClass:/Script/Engine.Actor Name:BP_Board_C_UAID_5C60BADB48AE600302_1910645562 Label:BP_Board SpatiallyLoaded:1 Bounds:IsValid=true, Min=(X=0.000 Y=0.000 Z=0.000), Max=(X=0.000 Y=0.000 Z=0.000) RuntimeGrid:None EditorOnly:0 RuntimeOnly:0 HLODRelevant:0
 |   |   |- Guid:AAAC6B5742760A58C2206DB37E44683C BaseClass: NativeClass:/Script/Engine.DirectionalLight Name:DirectionalLight_UAID_A85E45CFE40401D200_1470382761 Label:DirectionalLight SpatiallyLoaded:0 Bounds:IsValid=true, Min=(X=-4398046511104.000 Y=-4398046511104.000 Z=-4398046511104.000), Max=(X=4398046511104.000 Y=4398046511104.000 Z=4398046511104.000) RuntimeGrid:None EditorOnly:0 RuntimeOnly:0 HLODRelevant:0 FolderPath:Lighting FolderGuid:B7E9BD5B45A652654791988DEF54CCEB
 |   |   |- Guid:BCEA5FF645891BC2086E1296B10CB405 BaseClass: NativeClass:/Script/Engine.StaticMeshActor Name:StaticMeshActor_UAID_5C60BADB48AE690302_1821725143 Label:Plane SpatiallyLoaded:1 Bounds:IsValid=true, Min=(X=-20.000 Y=75.000 Z=-1.000), Max=(X=180.000 Y=175.000 Z=-1.000) RuntimeGrid:None EditorOnly:0 RuntimeOnly:0 HLODRelevant:1
 |   |   |- Guid:D3FB7383421AAEFD3DB6F8B1E415A9FE BaseClass: NativeClass:/Script/Engine.ExponentialHeightFog Name:ExponentialHeightFog_UAID_A85E45CFE40401D200_1470382763 Label:ExponentialHeightFog SpatiallyLoaded:0 Bounds:IsValid=true, Min=(X=-5600.000 Y=-50.000 Z=-6850.000), Max=(X=-5600.000 Y=-50.000 Z=-6850.000) RuntimeGrid:None EditorOnly:0 RuntimeOnly:0 HLODRelevant:0 FolderPath:Lighting FolderGuid:B7E9BD5B45A652654791988DEF54CCEB
 |   |- [+] Clusters:
 |   |   |- [+] [  0]
 |   |   |   |- Guid:5368FABB47D6D9580DAECA8B0417BF92 BaseClass: NativeClass:/Script/Engine.WorldDataLayers Name:WorldDataLayers Label:WorldDataLayers-1 SpatiallyLoaded:0 Bounds:IsValid=true, Min=(X=0.000 Y=0.000 Z=0.000), Max=(X=0.000 Y=0.000 Z=0.000) RuntimeGrid:None EditorOnly:0 RuntimeOnly:0 HLODRelevant:0
 |   |   |- [+] [  1]
 |   |   |   |- Guid:BCEA5FF645891BC2086E1296B10CB405 BaseClass: NativeClass:/Script/Engine.StaticMeshActor Name:StaticMeshActor_UAID_5C60BADB48AE690302_1821725143 Label:Plane SpatiallyLoaded:1 Bounds:IsValid=true, Min=(X=-20.000 Y=75.000 Z=-1.000), Max=(X=180.000 Y=175.000 Z=-1.000) RuntimeGrid:None EditorOnly:0 RuntimeOnly:0 HLODRelevant:1
 |   |   |- [+] [  2]
 |   |   |   |- Guid:03920DF94EEFC9F86CC66185D32A3DA1 BaseClass: NativeClass:/Script/Engine.StaticMeshActor Name:StaticMeshActor_UAID_A4AE111137DC54FB00_1240666663 Label:SM_SkySphere SpatiallyLoaded:0 Bounds:IsValid=true, Min=(X=-1638400.000 Y=-1638400.000 Z=-1638400.000), Max=(X=1638400.000 Y=1638400.000 Z=1638400.000) RuntimeGrid:None EditorOnly:0 RuntimeOnly:0 HLODRelevant:0 FolderPath:Lighting FolderGuid:B7E9BD5B45A652654791988DEF54CCEB
 |   |   |- [+] [  3]
 |   |   |   |- Guid:D3FB7383421AAEFD3DB6F8B1E415A9FE BaseClass: NativeClass:/Script/Engine.ExponentialHeightFog Name:ExponentialHeightFog_UAID_A85E45CFE40401D200_1470382763 Label:ExponentialHeightFog SpatiallyLoaded:0 Bounds:IsValid=true, Min=(X=-5600.000 Y=-50.000 Z=-6850.000), Max=(X=-5600.000 Y=-50.000 Z=-6850.000) RuntimeGrid:None EditorOnly:0 RuntimeOnly:0 HLODRelevant:0 FolderPath:Lighting FolderGuid:B7E9BD5B45A652654791988DEF54CCEB
 |   |   |- [+] [  4]
 |   |   |   |- Guid:AAAC6B5742760A58C2206DB37E44683C BaseClass: NativeClass:/Script/Engine.DirectionalLight Name:DirectionalLight_UAID_A85E45CFE40401D200_1470382761 Label:DirectionalLight SpatiallyLoaded:0 Bounds:IsValid=true, Min=(X=-4398046511104.000 Y=-4398046511104.000 Z=-4398046511104.000), Max=(X=4398046511104.000 Y=4398046511104.000 Z=4398046511104.000) RuntimeGrid:None EditorOnly:0 RuntimeOnly:0 HLODRelevant:0 FolderPath:Lighting FolderGuid:B7E9BD5B45A652654791988DEF54CCEB
 |   |   |- [+] [  5]
 |   |   |   |- Guid:1DE8D7AC4103A2EABA11649C7FCF8ACA BaseClass: NativeClass:/Script/Engine.SkyLight Name:SkyLight_UAID_A85E45CFE40401D200_1470380759 Label:SkyLight SpatiallyLoaded:0 Bounds:IsValid=true, Min=(X=0.000 Y=0.000 Z=0.000), Max=(X=0.000 Y=0.000 Z=0.000) RuntimeGrid:None EditorOnly:0 RuntimeOnly:0 HLODRelevant:0 FolderPath:Lighting FolderGuid:B7E9BD5B45A652654791988DEF54CCEB
 |   |   |- [+] [  6]
 |   |   |   |- Guid:2CE12F874AA39D020A0F4BA5739BD305 BaseClass: NativeClass:/Script/Engine.SkyAtmosphere Name:SkyAtmosphere_UAID_A85E45CFE40401D200_1470382762 Label:SkyAtmosphere SpatiallyLoaded:0 Bounds:IsValid=true, Min=(X=0.000 Y=0.000 Z=0.000), Max=(X=0.000 Y=0.000 Z=0.000) RuntimeGrid:None EditorOnly:0 RuntimeOnly:0 HLODRelevant:0 FolderPath:Lighting FolderGuid:B7E9BD5B45A652654791988DEF54CCEB
 |   |   |- [+] [  7]
 |   |   |   |- Guid:5A47E23143F42F42E68723B04F6C12A8 BaseClass:/Game/Blueprints/PlayArea/BP_Board.BP_Board_C NativeClass:/Script/Engine.Actor Name:BP_Board_C_UAID_5C60BADB48AE600302_1910645562 Label:BP_Board SpatiallyLoaded:1 Bounds:IsValid=true, Min=(X=0.000 Y=0.000 Z=0.000), Max=(X=0.000 Y=0.000 Z=0.000) RuntimeGrid:None EditorOnly:0 RuntimeOnly:0 HLODRelevant:0
 |   |   |- [+] [  8]
 |   |   |   |- Guid:1D3D26F04B6DC10BEFB5B69E5CF914C8 BaseClass: NativeClass:/Script/Engine.VolumetricCloud Name:VolumetricCloud_UAID_A85E45CFE40401D200_1470381760 Label:VolumetricCloud SpatiallyLoaded:0 Bounds:IsValid=true, Min=(X=0.000 Y=0.000 Z=0.000), Max=(X=0.000 Y=0.000 Z=0.000) RuntimeGrid:None EditorOnly:0 RuntimeOnly:0 HLODRelevant:0 FolderPath:Lighting FolderGuid:B7E9BD5B45A652654791988DEF54CCEB
 |- ContainerInstances:
 |- [+] MainContainer:
 |   |-        ID: 0x0000000000000000
 |   |-    Bounds: IsValid=true, Min=(X=-20.000 Y=0.000 Z=-1.000), Max=(X=180.000 Y=175.000 Z=0.000)
 |   |- Transform: 0.000000,0.000000,0.000000|0.000000,0.000000,-0.000000|1.000000,1.000000,1.000000
 |   |- Container: /Game/Maps/Table
----------------------------------------------------------------------------------------------------------------
Table - Persistent Level
----------------------------------------------------------------------------------------------------------------
Always loaded Actor Count: 15 

----------------------------------------------------------------------------------------------------------------
Table - Runtime Spatial Hash - Streaming Grid - MainGrid
----------------------------------------------------------------------------------------------------------------
            Origin: X=0.000 Y=0.000 Z=0.000
         Cell Size: 25600
      World Bounds: IsValid=true, Min=(X=-20.000 Y=0.000 Z=-1.000), Max=(X=180.000 Y=175.000 Z=0.000)
     Loading Range: 76800.00
Block Slow Loading: No
 ClientOnlyVisible: No

[+] Grid Levels: 2
 |- Level  0: Cell Count    1 | Cell Size   25600 | Actor Count    1 (100.0%)
 |- Level  1: Cell Count    0 | Cell Size   51200 | Actor Count    0 (0.0%)

[+] Content of Grid Level 0
 |- [+] Content of Cell MainGrid_L0_X0_Y0
 |   |- Actor Count: 1
 |   |- Actor Path: /Game/Maps/Table.Table:PersistentLevel.BP_Board_C_UAID_5C60BADB48AE600302_1910645562
 |   |- Actor Package: /Game/__ExternalActors__/Maps/Table/6/GC/NR1HBCBUIHIHRB8EMKP166
[+] Content of Grid Level 1

